<?xml version="1.0" encoding="UTF-8"?>
<!-- Generated by org.testng.reporters.JUnitReportReporter -->
<testsuite hostname="Suresh" failures="0" tests="1" name="testCases.TC001_AccountRegistrationTest" time="1.716" errors="0" timestamp="2024-11-01T19:10:58 IST" skipped="0">
  <testcase classname="testCases.TC001_AccountRegistrationTest" name="verify_account_registration" time="1.716"/>
</testsuite> <!-- testCases.TC001_AccountRegistrationTest -->
