<?xml version="1.0" encoding="UTF-8"?>
<!-- Generated by org.testng.reporters.JUnitReportReporter -->
<testsuite hostname="Suresh" failures="0" tests="1" name="testCases.TC002_LoginTest$TC0002_LoginTest" time="1.584" errors="0" timestamp="2024-11-01T20:36:40 IST" skipped="0">
  <testcase classname="testCases.TC002_LoginTest$TC0002_LoginTest" name="verify_login" time="1.584"/>
</testsuite> <!-- testCases.TC002_LoginTest$TC0002_LoginTest -->
